<?xml version="1.0" encoding="UTF-8"?>
<!-- Generated by org.testng.reporters.JUnitXMLReporter -->
<testsuite hostname="PU-Ps22750" ignored="0" name="Test" tests="1" failures="1" timestamp="2019-12-31T17:53:26 IST" time="68.912" errors="0">
  <testcase name="verifyPageLoad" time="0.155" classname="pages.AddEmployeeTest">
    <failure type="java.lang.AssertionError" message="expected [#555657] but found []">
      <![CDATA[java.lang.AssertionError: expected [#555657] but found []
at pages.AddEmployeeTest.verifyPageLoad(AddEmployeeTest.java:42)
at java.util.ArrayList.forEach(ArrayList.java:1257)
... Removed 32 stack frames]]>
    </failure>
  </testcase> <!-- verifyPageLoad -->
</testsuite> <!-- Test -->
